C51 COMPILER V9.00   DELAY                                                                 11/04/2021 23:39:15 PAGE 1   


C51 COMPILER V9.00, COMPILATION OF MODULE DELAY
OBJECT MODULE PLACED IN delay.obj
COMPILER INVOKED BY: C:\Keil\C51\BIN\C51.EXE st7567\delay.c BROWSE INCDIR(.\st7567) DEBUG OBJECTEXTEND PRINT(.\delay.lst
                    -) OBJECT(delay.obj)

line level    source

   1          #include "delay.h"
   2          #include <intrins.h>
   3          
   4          void delayms(unsigned int ms)
   5          {
   6   1          unsigned char a,b,c;
   7   1              while(ms--)
   8   1          for(c=1;c>0;c--)
   9   1              for(b=222;b>0;b--)
  10   1                  for(a=12;a>0;a--);
  11   1      }
  12          
  13          void delayus(unsigned int us)
  14          {
  15   1          unsigned char a;
  16   1              while(us--)
  17   1              {
  18   2                      for(a=1;a>0;a--);
  19   2                      _nop_();  //if Keil,require use intrins.h
  20   2                      _nop_();  //if Keil,require use intrins.h
  21   2              }
  22   1      }


MODULE INFORMATION:   STATIC OVERLAYABLE
   CODE SIZE        =     49    ----
   CONSTANT SIZE    =   ----    ----
   XDATA SIZE       =   ----    ----
   PDATA SIZE       =   ----    ----
   DATA SIZE        =   ----    ----
   IDATA SIZE       =   ----    ----
   BIT SIZE         =   ----    ----
END OF MODULE INFORMATION.


C51 COMPILATION COMPLETE.  0 WARNING(S),  0 ERROR(S)
