C51 COMPILER V9.00   MAIN                                                                  11/04/2021 23:39:15 PAGE 1   


C51 COMPILER V9.00, COMPILATION OF MODULE MAIN
OBJECT MODULE PLACED IN main.OBJ
COMPILER INVOKED BY: C:\Keil\C51\BIN\C51.EXE main.c BROWSE INCDIR(.\st7567) DEBUG OBJECTEXTEND

line level    source

   1          #include <STC15F2K60S2.h>
   2          #include "ST7567.h"
   3          #include "picture.h"
   4          #include "18b20.h"
   5          #include <stdio.h>
   6          #include "delay.h"
   7          
   8          /*
   9            sbit    LCD_DAT= P2^0;  //串行数据
  10          sbit    LCD_CLK= P2^1;  //串行时钟
  11          sbit    LCD_RS=  P2^2;  //数据指令
  12          sbit    LCD_RST= P2^3;  //复位
  13          sbit    LCD_CS=  P2^4;  //片选
  14          
  15          
  16          */
  17            sbit  LCD_LED=P1^1;   //屏幕背光
  18            sbit  LED=P1^0;//板载指示灯
  19            sbit  KEY1=P1^2;
  20            sbit  KEY2=P1^3;
  21            sbit  KEY3=P1^4;
  22            sbit  KEY4=P1^5;      
  23            
  24            sbit  HOT=P3^6;  
  25                  
  26            unsigned char Max=26;
  27            unsigned char Min=23;
  28          
  29            unsigned char Temp=0;
  30          
  31            unsigned char page=0;  //0没有  1上限   2下限
  32          
  33          
  34            unsigned char Led_flag=0;//0亮  1灭
  35          
  36           
  37          
  38          
  39          void show2num(unsigned char x,unsigned char y,unsigned char num) //显示2位数字
  40          {
  41   1        switch(num/10)
  42   1        {
  43   2              case 0:Lcd_P8x16Str(x,y," ",0);break;
  44   2              case 1:Lcd_P8x16Str(x,y,"1",0);break;
  45   2              case 2:Lcd_P8x16Str(x,y,"2",0);break;
  46   2              case 3:Lcd_P8x16Str(x,y,"3",0);break;
  47   2              case 4:Lcd_P8x16Str(x,y,"4",0);break;
  48   2              case 5:Lcd_P8x16Str(x,y,"5",0);break;
  49   2              case 6:Lcd_P8x16Str(x,y,"6",0);break;
  50   2              case 7:Lcd_P8x16Str(x,y,"7",0);break;
  51   2              case 8:Lcd_P8x16Str(x,y,"8",0);break;
  52   2              case 9:Lcd_P8x16Str(x,y,"9",0);break;
  53   2        }
  54   1         switch(num%10)
  55   1        {
C51 COMPILER V9.00   MAIN                                                                  11/04/2021 23:39:15 PAGE 2   

  56   2              case 0:Lcd_P8x16Str(x+8,y,"0",0);break;
  57   2              case 1:Lcd_P8x16Str(x+8,y,"1",0);break;
  58   2              case 2:Lcd_P8x16Str(x+8,y,"2",0);break;
  59   2              case 3:Lcd_P8x16Str(x+8,y,"3",0);break;
  60   2              case 4:Lcd_P8x16Str(x+8,y,"4",0);break;
  61   2              case 5:Lcd_P8x16Str(x+8,y,"5",0);break;
  62   2              case 6:Lcd_P8x16Str(x+8,y,"6",0);break;
  63   2              case 7:Lcd_P8x16Str(x+8,y,"7",0);break;
  64   2              case 8:Lcd_P8x16Str(x+8,y,"8",0);break;
  65   2              case 9:Lcd_P8x16Str(x+8,y,"9",0);break;
  66   2        }
  67   1      
  68   1      }
  69          
  70          
  71          void showUI()   //显示框架
  72          {
  73   1         Lcd_P16x16Ch(24,0,"恒温控制板",0);
  74   1                      Lcd_P16x16Ch(0,2,"当前温度:",0);
  75   1                      switch(page)
  76   1                      {
  77   2                              case 0:Lcd_P16x16Ch(0,4,"上限温度:",0);
  78   2                                         Lcd_P16x16Ch(0,6,"下限温度:",0);break;
  79   2                              case 1:Lcd_P16x16Ch(0,4,"上限温度:",1);
  80   2                                         Lcd_P16x16Ch(0,6,"下限温度:",0);break;
  81   2                              case 2:Lcd_P16x16Ch(0,4,"上限温度:",0);
  82   2                                         Lcd_P16x16Ch(0,6,"下限温度:",1);break;
  83   2                      }
  84   1                      Lcd_P16x16Ch(88,2,"℃",0);
  85   1                      Lcd_P16x16Ch(88,4,"℃",0);
  86   1                      Lcd_P16x16Ch(88,6,"℃",0);
  87   1                              if(Led_flag==0)
  88   1                      {
  89   2                          LCD_LED=0;
  90   2                              Lcd_pic(112,0,16,2,light_key_on,0);
  91   2                      }
  92   1                      else
  93   1                      {
  94   2                          LCD_LED=1;
  95   2                              Lcd_pic(112,0,16,2,light_key_off,0);
  96   2                      }
  97   1                      
  98   1                      Lcd_pic(112,2,16,4,up_key,0);
  99   1                      Lcd_pic(112,4,16,6,down_key,0);
 100   1                      Lcd_pic(112,6,16,8,enter_key,0);
 101   1                      Temp=read_temp();
 102   1                      show2num(72,2,Temp);
 103   1                      show2num(72,4,Max);
 104   1                      show2num(72,6,Min);     
 105   1      }
 106          
 107          void ReadKey()
 108          {
 109   1         if(KEY1==0)
 110   1                      {
 111   2                       while(KEY1==0)
 112   2                       {
 113   3                        ;
 114   3                       }
 115   2                       Led_flag=!Led_flag;
 116   2                      }
 117   1                      if(KEY2==0)
C51 COMPILER V9.00   MAIN                                                                  11/04/2021 23:39:15 PAGE 3   

 118   1                      {
 119   2                       while(KEY2==0)
 120   2                       {
 121   3                        ;
 122   3                       }
 123   2                       if(page==1)
 124   2                       {
 125   3                        Max++;
 126   3                       }
 127   2                       if(page==2)
 128   2                       {
 129   3                        Min++;
 130   3                       }
 131   2                       
 132   2                      }
 133   1                      if(KEY3==0)
 134   1                      {
 135   2                       while(KEY3==0)
 136   2                       {
 137   3                        ;
 138   3                       }
 139   2                      if(page==1)
 140   2                       {
 141   3                        Max--;
 142   3                       }
 143   2                       if(page==2)
 144   2                       {
 145   3                        Min--;
 146   3                       }
 147   2                      }
 148   1                      if(KEY4==0)
 149   1                      {
 150   2                       while(KEY4==0)
 151   2                       {
 152   3                        ;
 153   3                       }
 154   2                       page++;
 155   2                       if(page>=3)
 156   2                       {
 157   3                        page=0;
 158   3                       }
 159   2                      }
 160   1                      
 161   1                         
 162   1      
 163   1      }
 164          void Heating()
 165          {        if(Temp>10&&Temp<35)    //温度在正常范围内
 166   1              {
 167   2                      if(Temp<Min)
 168   2                      {
 169   3                              HOT=0;
 170   3                              LED=0;
 171   3                      }
 172   2                      if(Temp>Max)
 173   2                      {
 174   3                              HOT=1;
 175   3                              LED=1;
 176   3                      }       
 177   2              
 178   2              }
 179   1              else
C51 COMPILER V9.00   MAIN                                                                  11/04/2021 23:39:15 PAGE 4   

 180   1              {
 181   2                      HOT=1;
 182   2                      LED=1;
 183   2              }
 184   1                
 185   1      }
 186          
 187          
 188          void main()
 189          {
 190   1      
 191   1              Lcd_init();
 192   1              LCD_LED=0;
 193   1      
 194   1               while(1)
 195   1               {
 196   2                   showUI();//显示框架界面
 197   2                       ReadKey();//读取按键                                              
 198   2                       Heating();//加热
 199   2                       delayms(100);
 200   2               }                       
 201   1      
 202   1      
 203   1                                 
 204   1      }


MODULE INFORMATION:   STATIC OVERLAYABLE
   CODE SIZE        =    970    ----
   CONSTANT SIZE    =    226    ----
   XDATA SIZE       =   ----    ----
   PDATA SIZE       =   ----    ----
   DATA SIZE        =      5       3
   IDATA SIZE       =   ----    ----
   BIT SIZE         =      1    ----
END OF MODULE INFORMATION.


C51 COMPILATION COMPLETE.  0 WARNING(S),  0 ERROR(S)
